WARNING:root:The OGB package is out of date. Your version is 1.3.5, while the latest version is 1.3.6.
Task start time:
2024-07-21 20:38:20
Namespace(All_num_layers=3, MLP1_num_layers=2, MLP2_num_layers=2, MLP3_num_layers=2, MLP4_num_layers=2, MLP_hidden=256, activation='relu', aggregate='mean', batch_size=64, data_dir='pyg_data/ocelot', device=0, dropout=0.0, epochs=150, log_steps=1, lr=0.0001, method='UniGIN', normalization='ln', output_hidden=128, output_num_layers=3, runs=3, seed=0, target=14, wd=0.0)
/home/jwchen/software/anaconda3/envs/mhnn/lib/python3.8/site-packages/torch_geometric/data/in_memory_dataset.py:157: UserWarning: It is not recommended to directly access the internal storage format `data` of an 'InMemoryDataset'. If you are absolutely certain what you are doing, access the internal storage via `InMemoryDataset._data` instead to suppress this warning. Alternatively, you can access stacked individual attributes of every graph via `dataset.{attr_name}`.
  warnings.warn(msg)

Run No. 1:
Seed: 0

# Params: 374529
Run: 01, Epoch: 01, lr: 0.000100, Loss: 0.618065, Valid MAE: 0.368501, Test MAE: 0.370298
Run: 01, Epoch: 02, lr: 0.000100, Loss: 0.535252, Valid MAE: 0.358410, Test MAE: 0.359651
Run: 01, Epoch: 03, lr: 0.000100, Loss: 0.522221, Valid MAE: 0.394979, Test MAE: 0.359651
Run: 01, Epoch: 04, lr: 0.000100, Loss: 0.517188, Valid MAE: 0.403806, Test MAE: 0.359651
Run: 01, Epoch: 05, lr: 0.000100, Loss: 0.511411, Valid MAE: 0.711062, Test MAE: 0.359651
Run: 01, Epoch: 06, lr: 0.000100, Loss: 0.507140, Valid MAE: 0.362779, Test MAE: 0.359651
Run: 01, Epoch: 07, lr: 0.000100, Loss: 0.498765, Valid MAE: 0.543197, Test MAE: 0.359651
Run: 01, Epoch: 08, lr: 0.000100, Loss: 0.497396, Valid MAE: 0.458312, Test MAE: 0.359651
Run: 01, Epoch: 09, lr: 0.000080, Loss: 0.489828, Valid MAE: 0.794890, Test MAE: 0.359651
Run: 01, Epoch: 10, lr: 0.000080, Loss: 0.493236, Valid MAE: 0.351605, Test MAE: 0.356826
Run: 01, Epoch: 11, lr: 0.000080, Loss: 0.485832, Valid MAE: 0.365534, Test MAE: 0.356826
Run: 01, Epoch: 12, lr: 0.000080, Loss: 0.482038, Valid MAE: 0.510399, Test MAE: 0.356826
Run: 01, Epoch: 13, lr: 0.000080, Loss: 0.479759, Valid MAE: 0.399784, Test MAE: 0.356826
Run: 01, Epoch: 14, lr: 0.000080, Loss: 0.479354, Valid MAE: 0.360157, Test MAE: 0.356826
Run: 01, Epoch: 15, lr: 0.000080, Loss: 0.479752, Valid MAE: 0.611353, Test MAE: 0.356826
Run: 01, Epoch: 16, lr: 0.000080, Loss: 0.478412, Valid MAE: 0.379557, Test MAE: 0.356826
Run: 01, Epoch: 17, lr: 0.000064, Loss: 0.468592, Valid MAE: 0.574549, Test MAE: 0.356826
Run: 01, Epoch: 18, lr: 0.000064, Loss: 0.467254, Valid MAE: 0.584068, Test MAE: 0.356826
Run: 01, Epoch: 19, lr: 0.000064, Loss: 0.462100, Valid MAE: 0.353526, Test MAE: 0.356826
Run: 01, Epoch: 20, lr: 0.000064, Loss: 0.463721, Valid MAE: 0.351476, Test MAE: 0.352229
Run: 01, Epoch: 21, lr: 0.000064, Loss: 0.461845, Valid MAE: 0.388392, Test MAE: 0.352229
Run: 01, Epoch: 22, lr: 0.000064, Loss: 0.460588, Valid MAE: 0.342804, Test MAE: 0.347771
Run: 01, Epoch: 23, lr: 0.000064, Loss: 0.465065, Valid MAE: 0.412632, Test MAE: 0.347771
Run: 01, Epoch: 24, lr: 0.000064, Loss: 0.457152, Valid MAE: 0.336986, Test MAE: 0.339859
Run: 01, Epoch: 25, lr: 0.000064, Loss: 0.455523, Valid MAE: 0.378740, Test MAE: 0.339859
Run: 01, Epoch: 26, lr: 0.000064, Loss: 0.454465, Valid MAE: 0.343369, Test MAE: 0.339859
Run: 01, Epoch: 27, lr: 0.000064, Loss: 0.454542, Valid MAE: 0.342246, Test MAE: 0.339859
Run: 01, Epoch: 28, lr: 0.000064, Loss: 0.453006, Valid MAE: 0.358578, Test MAE: 0.339859
Run: 01, Epoch: 29, lr: 0.000064, Loss: 0.449861, Valid MAE: 0.363445, Test MAE: 0.339859
Run: 01, Epoch: 30, lr: 0.000064, Loss: 0.447552, Valid MAE: 0.465518, Test MAE: 0.339859
Run: 01, Epoch: 31, lr: 0.000051, Loss: 0.441518, Valid MAE: 0.373276, Test MAE: 0.339859
Run: 01, Epoch: 32, lr: 0.000051, Loss: 0.439974, Valid MAE: 0.395725, Test MAE: 0.339859
Run: 01, Epoch: 33, lr: 0.000051, Loss: 0.442528, Valid MAE: 0.342258, Test MAE: 0.339859
Run: 01, Epoch: 34, lr: 0.000051, Loss: 0.437141, Valid MAE: 0.338584, Test MAE: 0.339859
Run: 01, Epoch: 35, lr: 0.000051, Loss: 0.433954, Valid MAE: 0.397942, Test MAE: 0.339859
Run: 01, Epoch: 36, lr: 0.000051, Loss: 0.435406, Valid MAE: 0.509131, Test MAE: 0.339859
Run: 01, Epoch: 37, lr: 0.000041, Loss: 0.436168, Valid MAE: 0.383822, Test MAE: 0.339859
Run: 01, Epoch: 38, lr: 0.000041, Loss: 0.426477, Valid MAE: 0.381990, Test MAE: 0.339859
Run: 01, Epoch: 39, lr: 0.000041, Loss: 0.426964, Valid MAE: 0.417385, Test MAE: 0.339859
Run: 01, Epoch: 40, lr: 0.000041, Loss: 0.423903, Valid MAE: 0.359583, Test MAE: 0.339859
Run: 01, Epoch: 41, lr: 0.000041, Loss: 0.424763, Valid MAE: 0.444311, Test MAE: 0.339859
Run: 01, Epoch: 42, lr: 0.000041, Loss: 0.421703, Valid MAE: 0.382211, Test MAE: 0.339859
Run: 01, Epoch: 43, lr: 0.000033, Loss: 0.420153, Valid MAE: 0.385109, Test MAE: 0.339859
Run: 01, Epoch: 44, lr: 0.000033, Loss: 0.417935, Valid MAE: 0.346613, Test MAE: 0.339859
Run: 01, Epoch: 45, lr: 0.000033, Loss: 0.420147, Valid MAE: 0.336105, Test MAE: 0.338689
Run: 01, Epoch: 46, lr: 0.000033, Loss: 0.413954, Valid MAE: 0.351525, Test MAE: 0.338689
Run: 01, Epoch: 47, lr: 0.000033, Loss: 0.418397, Valid MAE: 0.356630, Test MAE: 0.338689
Run: 01, Epoch: 48, lr: 0.000033, Loss: 0.413750, Valid MAE: 0.331062, Test MAE: 0.333035
Run: 01, Epoch: 49, lr: 0.000033, Loss: 0.411661, Valid MAE: 0.360431, Test MAE: 0.333035
Run: 01, Epoch: 50, lr: 0.000033, Loss: 0.411144, Valid MAE: 0.339988, Test MAE: 0.333035
Run: 01, Epoch: 51, lr: 0.000033, Loss: 0.410745, Valid MAE: 0.424267, Test MAE: 0.333035
Run: 01, Epoch: 52, lr: 0.000033, Loss: 0.408564, Valid MAE: 0.346092, Test MAE: 0.333035
Run: 01, Epoch: 53, lr: 0.000033, Loss: 0.410979, Valid MAE: 0.376902, Test MAE: 0.333035
Run: 01, Epoch: 54, lr: 0.000033, Loss: 0.406940, Valid MAE: 0.339310, Test MAE: 0.333035
Run: 01, Epoch: 55, lr: 0.000026, Loss: 0.405514, Valid MAE: 0.341327, Test MAE: 0.333035
Run: 01, Epoch: 56, lr: 0.000026, Loss: 0.400012, Valid MAE: 0.375088, Test MAE: 0.333035
Run: 01, Epoch: 57, lr: 0.000026, Loss: 0.400197, Valid MAE: 0.335314, Test MAE: 0.333035
Run: 01, Epoch: 58, lr: 0.000026, Loss: 0.399521, Valid MAE: 0.333154, Test MAE: 0.333035
Run: 01, Epoch: 59, lr: 0.000026, Loss: 0.397799, Valid MAE: 0.331872, Test MAE: 0.333035
Run: 01, Epoch: 60, lr: 0.000026, Loss: 0.393628, Valid MAE: 0.332594, Test MAE: 0.333035
Run: 01, Epoch: 61, lr: 0.000021, Loss: 0.394890, Valid MAE: 0.331512, Test MAE: 0.333035
Run: 01, Epoch: 62, lr: 0.000021, Loss: 0.394396, Valid MAE: 0.331460, Test MAE: 0.333035
Run: 01, Epoch: 63, lr: 0.000021, Loss: 0.393941, Valid MAE: 0.328562, Test MAE: 0.330790
Run: 01, Epoch: 64, lr: 0.000021, Loss: 0.389948, Valid MAE: 0.356135, Test MAE: 0.330790
Run: 01, Epoch: 65, lr: 0.000021, Loss: 0.392865, Valid MAE: 0.331459, Test MAE: 0.330790
Run: 01, Epoch: 66, lr: 0.000021, Loss: 0.390927, Valid MAE: 0.347196, Test MAE: 0.330790
Run: 01, Epoch: 67, lr: 0.000021, Loss: 0.389766, Valid MAE: 0.384279, Test MAE: 0.330790
Run: 01, Epoch: 68, lr: 0.000021, Loss: 0.388349, Valid MAE: 0.335932, Test MAE: 0.330790
Run: 01, Epoch: 69, lr: 0.000021, Loss: 0.387889, Valid MAE: 0.349843, Test MAE: 0.330790
Run: 01, Epoch: 70, lr: 0.000017, Loss: 0.383324, Valid MAE: 0.345426, Test MAE: 0.330790
Run: 01, Epoch: 71, lr: 0.000017, Loss: 0.382148, Valid MAE: 0.349015, Test MAE: 0.330790
Run: 01, Epoch: 72, lr: 0.000017, Loss: 0.383246, Valid MAE: 0.331465, Test MAE: 0.330790
Run: 01, Epoch: 73, lr: 0.000017, Loss: 0.382288, Valid MAE: 0.340881, Test MAE: 0.330790
Run: 01, Epoch: 74, lr: 0.000017, Loss: 0.380846, Valid MAE: 0.341623, Test MAE: 0.330790
Run: 01, Epoch: 75, lr: 0.000017, Loss: 0.380344, Valid MAE: 0.331550, Test MAE: 0.330790
Run: 01, Epoch: 76, lr: 0.000013, Loss: 0.380051, Valid MAE: 0.330307, Test MAE: 0.330790
Run: 01, Epoch: 77, lr: 0.000013, Loss: 0.376210, Valid MAE: 0.351609, Test MAE: 0.330790
Run: 01, Epoch: 78, lr: 0.000013, Loss: 0.378177, Valid MAE: 0.345519, Test MAE: 0.330790
Run: 01, Epoch: 79, lr: 0.000013, Loss: 0.374623, Valid MAE: 0.336878, Test MAE: 0.330790
Run: 01, Epoch: 80, lr: 0.000013, Loss: 0.376422, Valid MAE: 0.333145, Test MAE: 0.330790
Run: 01, Epoch: 81, lr: 0.000013, Loss: 0.374042, Valid MAE: 0.341395, Test MAE: 0.330790
Run: 01, Epoch: 82, lr: 0.000011, Loss: 0.373961, Valid MAE: 0.344511, Test MAE: 0.330790
Run: 01, Epoch: 83, lr: 0.000011, Loss: 0.373740, Valid MAE: 0.344351, Test MAE: 0.330790
Run: 01, Epoch: 84, lr: 0.000011, Loss: 0.373257, Valid MAE: 0.351124, Test MAE: 0.330790
Run: 01, Epoch: 85, lr: 0.000011, Loss: 0.371665, Valid MAE: 0.352767, Test MAE: 0.330790
Run: 01, Epoch: 86, lr: 0.000011, Loss: 0.370485, Valid MAE: 0.342955, Test MAE: 0.330790
Run: 01, Epoch: 87, lr: 0.000011, Loss: 0.371719, Valid MAE: 0.332816, Test MAE: 0.330790
Run: 01, Epoch: 88, lr: 0.000010, Loss: 0.369983, Valid MAE: 0.345799, Test MAE: 0.330790
Run: 01, Epoch: 89, lr: 0.000010, Loss: 0.371108, Valid MAE: 0.332246, Test MAE: 0.330790
Run: 01, Epoch: 90, lr: 0.000010, Loss: 0.370925, Valid MAE: 0.347495, Test MAE: 0.330790
Run: 01, Epoch: 91, lr: 0.000010, Loss: 0.369324, Valid MAE: 0.330740, Test MAE: 0.330790
Run: 01, Epoch: 92, lr: 0.000010, Loss: 0.368042, Valid MAE: 0.343555, Test MAE: 0.330790
Run: 01, Epoch: 93, lr: 0.000010, Loss: 0.366301, Valid MAE: 0.331606, Test MAE: 0.330790
Run: 01, Epoch: 94, lr: 0.000010, Loss: 0.368895, Valid MAE: 0.335698, Test MAE: 0.330790
Run: 01, Epoch: 95, lr: 0.000010, Loss: 0.368594, Valid MAE: 0.344544, Test MAE: 0.330790
Run: 01, Epoch: 96, lr: 0.000010, Loss: 0.366482, Valid MAE: 0.334473, Test MAE: 0.330790
Run: 01, Epoch: 97, lr: 0.000010, Loss: 0.362512, Valid MAE: 0.354489, Test MAE: 0.330790
Run: 01, Epoch: 98, lr: 0.000010, Loss: 0.365442, Valid MAE: 0.333468, Test MAE: 0.330790
Run: 01, Epoch: 99, lr: 0.000010, Loss: 0.363328, Valid MAE: 0.345675, Test MAE: 0.330790
Run: 01, Epoch: 100, lr: 0.000010, Loss: 0.363381, Valid MAE: 0.339100, Test MAE: 0.330790
Run: 01, Epoch: 101, lr: 0.000010, Loss: 0.362842, Valid MAE: 0.339889, Test MAE: 0.330790
Run: 01, Epoch: 102, lr: 0.000010, Loss: 0.361726, Valid MAE: 0.332972, Test MAE: 0.330790
Run: 01, Epoch: 103, lr: 0.000010, Loss: 0.361231, Valid MAE: 0.342809, Test MAE: 0.330790
Run: 01, Epoch: 104, lr: 0.000010, Loss: 0.362273, Valid MAE: 0.332672, Test MAE: 0.330790
Run: 01, Epoch: 105, lr: 0.000010, Loss: 0.362473, Valid MAE: 0.338344, Test MAE: 0.330790
Run: 01, Epoch: 106, lr: 0.000010, Loss: 0.358818, Valid MAE: 0.353757, Test MAE: 0.330790
Run: 01, Epoch: 107, lr: 0.000010, Loss: 0.362046, Valid MAE: 0.334069, Test MAE: 0.330790
Run: 01, Epoch: 108, lr: 0.000010, Loss: 0.359806, Valid MAE: 0.331453, Test MAE: 0.330790
Run: 01, Epoch: 109, lr: 0.000010, Loss: 0.359573, Valid MAE: 0.332687, Test MAE: 0.330790
Run: 01, Epoch: 110, lr: 0.000010, Loss: 0.362874, Valid MAE: 0.335317, Test MAE: 0.330790
Run: 01, Epoch: 111, lr: 0.000010, Loss: 0.360684, Valid MAE: 0.348625, Test MAE: 0.330790
Run: 01, Epoch: 112, lr: 0.000010, Loss: 0.357968, Valid MAE: 0.338129, Test MAE: 0.330790
Run: 01, Epoch: 113, lr: 0.000010, Loss: 0.357773, Valid MAE: 0.332904, Test MAE: 0.330790
Run: 01, Epoch: 114, lr: 0.000010, Loss: 0.356568, Valid MAE: 0.331471, Test MAE: 0.330790
Run: 01, Epoch: 115, lr: 0.000010, Loss: 0.358235, Valid MAE: 0.333934, Test MAE: 0.330790
Run: 01, Epoch: 116, lr: 0.000010, Loss: 0.358944, Valid MAE: 0.336952, Test MAE: 0.330790
Run: 01, Epoch: 117, lr: 0.000010, Loss: 0.355879, Valid MAE: 0.336020, Test MAE: 0.330790
Run: 01, Epoch: 118, lr: 0.000010, Loss: 0.355874, Valid MAE: 0.337893, Test MAE: 0.330790
Run: 01, Epoch: 119, lr: 0.000010, Loss: 0.355649, Valid MAE: 0.343860, Test MAE: 0.330790
Run: 01, Epoch: 120, lr: 0.000010, Loss: 0.354169, Valid MAE: 0.347905, Test MAE: 0.330790
Run: 01, Epoch: 121, lr: 0.000010, Loss: 0.351493, Valid MAE: 0.344193, Test MAE: 0.330790
Run: 01, Epoch: 122, lr: 0.000010, Loss: 0.354828, Valid MAE: 0.348572, Test MAE: 0.330790
Run: 01, Epoch: 123, lr: 0.000010, Loss: 0.353440, Valid MAE: 0.340977, Test MAE: 0.330790
Run: 01, Epoch: 124, lr: 0.000010, Loss: 0.353092, Valid MAE: 0.333867, Test MAE: 0.330790
Run: 01, Epoch: 125, lr: 0.000010, Loss: 0.351824, Valid MAE: 0.336117, Test MAE: 0.330790
Run: 01, Epoch: 126, lr: 0.000010, Loss: 0.354499, Valid MAE: 0.334774, Test MAE: 0.330790
Run: 01, Epoch: 127, lr: 0.000010, Loss: 0.351974, Valid MAE: 0.338421, Test MAE: 0.330790
Run: 01, Epoch: 128, lr: 0.000010, Loss: 0.352127, Valid MAE: 0.334600, Test MAE: 0.330790
Run: 01, Epoch: 129, lr: 0.000010, Loss: 0.350143, Valid MAE: 0.338847, Test MAE: 0.330790
Run: 01, Epoch: 130, lr: 0.000010, Loss: 0.348779, Valid MAE: 0.330265, Test MAE: 0.330790
Run: 01, Epoch: 131, lr: 0.000010, Loss: 0.349073, Valid MAE: 0.341282, Test MAE: 0.330790
Run: 01, Epoch: 132, lr: 0.000010, Loss: 0.350681, Valid MAE: 0.341811, Test MAE: 0.330790
Run: 01, Epoch: 133, lr: 0.000010, Loss: 0.350896, Valid MAE: 0.335900, Test MAE: 0.330790
Run: 01, Epoch: 134, lr: 0.000010, Loss: 0.348874, Valid MAE: 0.341414, Test MAE: 0.330790
Run: 01, Epoch: 135, lr: 0.000010, Loss: 0.348522, Valid MAE: 0.337233, Test MAE: 0.330790
Run: 01, Epoch: 136, lr: 0.000010, Loss: 0.347249, Valid MAE: 0.335526, Test MAE: 0.330790
Run: 01, Epoch: 137, lr: 0.000010, Loss: 0.349580, Valid MAE: 0.338748, Test MAE: 0.330790
Run: 01, Epoch: 138, lr: 0.000010, Loss: 0.348544, Valid MAE: 0.347075, Test MAE: 0.330790
Run: 01, Epoch: 139, lr: 0.000010, Loss: 0.349733, Valid MAE: 0.352057, Test MAE: 0.330790
Run: 01, Epoch: 140, lr: 0.000010, Loss: 0.351306, Valid MAE: 0.343291, Test MAE: 0.330790
Run: 01, Epoch: 141, lr: 0.000010, Loss: 0.351369, Valid MAE: 0.334243, Test MAE: 0.330790
Run: 01, Epoch: 142, lr: 0.000010, Loss: 0.348243, Valid MAE: 0.343270, Test MAE: 0.330790
Run: 01, Epoch: 143, lr: 0.000010, Loss: 0.346185, Valid MAE: 0.343538, Test MAE: 0.330790
Run: 01, Epoch: 144, lr: 0.000010, Loss: 0.345163, Valid MAE: 0.341700, Test MAE: 0.330790
Run: 01, Epoch: 145, lr: 0.000010, Loss: 0.345709, Valid MAE: 0.345228, Test MAE: 0.330790
Run: 01, Epoch: 146, lr: 0.000010, Loss: 0.342306, Valid MAE: 0.334641, Test MAE: 0.330790
Run: 01, Epoch: 147, lr: 0.000010, Loss: 0.345635, Valid MAE: 0.333638, Test MAE: 0.330790
Run: 01, Epoch: 148, lr: 0.000010, Loss: 0.348007, Valid MAE: 0.342026, Test MAE: 0.330790
Run: 01, Epoch: 149, lr: 0.000010, Loss: 0.343601, Valid MAE: 0.393310, Test MAE: 0.330790
Run: 01, Epoch: 150, lr: 0.000010, Loss: 0.344379, Valid MAE: 0.349981, Test MAE: 0.330790
Final results of Run 01:
Best Epoch: 63
Lowest Loss: 0.342306
Lowest Valid MAE: 0.328562
Final Test MAE: 0.330790

Run No. 2:
Seed: 1

# Params: 374529
Run: 02, Epoch: 01, lr: 0.000100, Loss: 0.626663, Valid MAE: 0.483865, Test MAE: 0.489520
Run: 02, Epoch: 02, lr: 0.000100, Loss: 0.552639, Valid MAE: 0.747812, Test MAE: 0.489520
Run: 02, Epoch: 03, lr: 0.000100, Loss: 0.536022, Valid MAE: 0.376308, Test MAE: 0.386130
Run: 02, Epoch: 04, lr: 0.000100, Loss: 0.525796, Valid MAE: 0.515583, Test MAE: 0.386130
Run: 02, Epoch: 05, lr: 0.000100, Loss: 0.515188, Valid MAE: 0.492377, Test MAE: 0.386130
Run: 02, Epoch: 06, lr: 0.000100, Loss: 0.510319, Valid MAE: 0.744308, Test MAE: 0.386130
Run: 02, Epoch: 07, lr: 0.000100, Loss: 0.510853, Valid MAE: 0.352090, Test MAE: 0.365243
Run: 02, Epoch: 08, lr: 0.000100, Loss: 0.506417, Valid MAE: 0.380144, Test MAE: 0.365243
Run: 02, Epoch: 09, lr: 0.000100, Loss: 0.505204, Valid MAE: 0.443615, Test MAE: 0.365243
Run: 02, Epoch: 10, lr: 0.000100, Loss: 0.501924, Valid MAE: 0.662820, Test MAE: 0.365243
Run: 02, Epoch: 11, lr: 0.000100, Loss: 0.498176, Valid MAE: 0.348034, Test MAE: 0.360149
Run: 02, Epoch: 12, lr: 0.000100, Loss: 0.493360, Valid MAE: 0.380140, Test MAE: 0.360149
Run: 02, Epoch: 13, lr: 0.000100, Loss: 0.492027, Valid MAE: 0.337972, Test MAE: 0.351133
Run: 02, Epoch: 14, lr: 0.000100, Loss: 0.494845, Valid MAE: 0.397628, Test MAE: 0.351133
Run: 02, Epoch: 15, lr: 0.000100, Loss: 0.496773, Valid MAE: 0.547131, Test MAE: 0.351133
Run: 02, Epoch: 16, lr: 0.000100, Loss: 0.486840, Valid MAE: 0.643078, Test MAE: 0.351133
Run: 02, Epoch: 17, lr: 0.000100, Loss: 0.485196, Valid MAE: 0.358603, Test MAE: 0.351133
Run: 02, Epoch: 18, lr: 0.000100, Loss: 0.482563, Valid MAE: 0.343430, Test MAE: 0.351133
Run: 02, Epoch: 19, lr: 0.000100, Loss: 0.482824, Valid MAE: 0.346923, Test MAE: 0.351133
Run: 02, Epoch: 20, lr: 0.000080, Loss: 0.475471, Valid MAE: 0.378025, Test MAE: 0.351133
Run: 02, Epoch: 21, lr: 0.000080, Loss: 0.474263, Valid MAE: 0.419207, Test MAE: 0.351133
Run: 02, Epoch: 22, lr: 0.000080, Loss: 0.472800, Valid MAE: 0.372573, Test MAE: 0.351133
Run: 02, Epoch: 23, lr: 0.000080, Loss: 0.470599, Valid MAE: 0.480450, Test MAE: 0.351133
Run: 02, Epoch: 24, lr: 0.000080, Loss: 0.470737, Valid MAE: 0.499669, Test MAE: 0.351133
Run: 02, Epoch: 25, lr: 0.000080, Loss: 0.468935, Valid MAE: 0.451178, Test MAE: 0.351133
Run: 02, Epoch: 26, lr: 0.000064, Loss: 0.463010, Valid MAE: 0.359027, Test MAE: 0.351133
Run: 02, Epoch: 27, lr: 0.000064, Loss: 0.461956, Valid MAE: 0.326753, Test MAE: 0.339253
Run: 02, Epoch: 28, lr: 0.000064, Loss: 0.458453, Valid MAE: 0.332230, Test MAE: 0.339253
Run: 02, Epoch: 29, lr: 0.000064, Loss: 0.455750, Valid MAE: 0.328312, Test MAE: 0.339253
Run: 02, Epoch: 30, lr: 0.000064, Loss: 0.457447, Valid MAE: 0.372305, Test MAE: 0.339253
Run: 02, Epoch: 31, lr: 0.000064, Loss: 0.456525, Valid MAE: 0.353225, Test MAE: 0.339253
Run: 02, Epoch: 32, lr: 0.000064, Loss: 0.451263, Valid MAE: 0.325051, Test MAE: 0.337887
Run: 02, Epoch: 33, lr: 0.000064, Loss: 0.450795, Valid MAE: 0.335056, Test MAE: 0.337887
Run: 02, Epoch: 34, lr: 0.000064, Loss: 0.453070, Valid MAE: 0.450981, Test MAE: 0.337887
Run: 02, Epoch: 35, lr: 0.000064, Loss: 0.445251, Valid MAE: 0.331768, Test MAE: 0.337887
Run: 02, Epoch: 36, lr: 0.000064, Loss: 0.451675, Valid MAE: 0.361166, Test MAE: 0.337887
Run: 02, Epoch: 37, lr: 0.000064, Loss: 0.446736, Valid MAE: 0.342600, Test MAE: 0.337887
Run: 02, Epoch: 38, lr: 0.000064, Loss: 0.443610, Valid MAE: 0.323456, Test MAE: 0.334933
Run: 02, Epoch: 39, lr: 0.000064, Loss: 0.444531, Valid MAE: 0.455345, Test MAE: 0.334933
Run: 02, Epoch: 40, lr: 0.000064, Loss: 0.443694, Valid MAE: 0.440453, Test MAE: 0.334933
Run: 02, Epoch: 41, lr: 0.000064, Loss: 0.439174, Valid MAE: 0.329313, Test MAE: 0.334933
Run: 02, Epoch: 42, lr: 0.000064, Loss: 0.437217, Valid MAE: 0.327221, Test MAE: 0.334933
Run: 02, Epoch: 43, lr: 0.000064, Loss: 0.437032, Valid MAE: 0.324717, Test MAE: 0.334933
Run: 02, Epoch: 44, lr: 0.000064, Loss: 0.440729, Valid MAE: 0.329135, Test MAE: 0.334933
Run: 02, Epoch: 45, lr: 0.000051, Loss: 0.431180, Valid MAE: 0.370245, Test MAE: 0.334933
Run: 02, Epoch: 46, lr: 0.000051, Loss: 0.432939, Valid MAE: 0.360762, Test MAE: 0.334933
Run: 02, Epoch: 47, lr: 0.000051, Loss: 0.430221, Valid MAE: 0.354931, Test MAE: 0.334933
Run: 02, Epoch: 48, lr: 0.000051, Loss: 0.426342, Valid MAE: 0.338878, Test MAE: 0.334933
Run: 02, Epoch: 49, lr: 0.000051, Loss: 0.421038, Valid MAE: 0.362579, Test MAE: 0.334933
Run: 02, Epoch: 50, lr: 0.000051, Loss: 0.421940, Valid MAE: 0.320955, Test MAE: 0.331824
Run: 02, Epoch: 51, lr: 0.000051, Loss: 0.423812, Valid MAE: 0.322301, Test MAE: 0.331824
Run: 02, Epoch: 52, lr: 0.000051, Loss: 0.418537, Valid MAE: 0.329084, Test MAE: 0.331824
Run: 02, Epoch: 53, lr: 0.000051, Loss: 0.422596, Valid MAE: 0.334232, Test MAE: 0.331824
Run: 02, Epoch: 54, lr: 0.000051, Loss: 0.422841, Valid MAE: 0.324213, Test MAE: 0.331824
Run: 02, Epoch: 55, lr: 0.000051, Loss: 0.420173, Valid MAE: 0.323054, Test MAE: 0.331824
Run: 02, Epoch: 56, lr: 0.000051, Loss: 0.416338, Valid MAE: 0.325479, Test MAE: 0.331824
Run: 02, Epoch: 57, lr: 0.000041, Loss: 0.409953, Valid MAE: 0.319916, Test MAE: 0.333355
Run: 02, Epoch: 58, lr: 0.000041, Loss: 0.412216, Valid MAE: 0.351164, Test MAE: 0.333355
Run: 02, Epoch: 59, lr: 0.000041, Loss: 0.409871, Valid MAE: 0.321724, Test MAE: 0.333355
Run: 02, Epoch: 60, lr: 0.000041, Loss: 0.406695, Valid MAE: 0.327171, Test MAE: 0.333355
Run: 02, Epoch: 61, lr: 0.000041, Loss: 0.405127, Valid MAE: 0.323688, Test MAE: 0.333355
Run: 02, Epoch: 62, lr: 0.000041, Loss: 0.405870, Valid MAE: 0.325335, Test MAE: 0.333355
Run: 02, Epoch: 63, lr: 0.000041, Loss: 0.406160, Valid MAE: 0.332887, Test MAE: 0.333355
Run: 02, Epoch: 64, lr: 0.000033, Loss: 0.399796, Valid MAE: 0.319253, Test MAE: 0.332219
Run: 02, Epoch: 65, lr: 0.000033, Loss: 0.401220, Valid MAE: 0.336210, Test MAE: 0.332219
Run: 02, Epoch: 66, lr: 0.000033, Loss: 0.398895, Valid MAE: 0.320516, Test MAE: 0.332219
Run: 02, Epoch: 67, lr: 0.000033, Loss: 0.397665, Valid MAE: 0.319558, Test MAE: 0.332219
Run: 02, Epoch: 68, lr: 0.000033, Loss: 0.396457, Valid MAE: 0.334950, Test MAE: 0.332219
Run: 02, Epoch: 69, lr: 0.000033, Loss: 0.395357, Valid MAE: 0.325459, Test MAE: 0.332219
Run: 02, Epoch: 70, lr: 0.000033, Loss: 0.395225, Valid MAE: 0.319801, Test MAE: 0.332219
Run: 02, Epoch: 71, lr: 0.000026, Loss: 0.389906, Valid MAE: 0.322086, Test MAE: 0.332219
Run: 02, Epoch: 72, lr: 0.000026, Loss: 0.389734, Valid MAE: 0.331992, Test MAE: 0.332219
Run: 02, Epoch: 73, lr: 0.000026, Loss: 0.386115, Valid MAE: 0.318357, Test MAE: 0.332453
Run: 02, Epoch: 74, lr: 0.000026, Loss: 0.387031, Valid MAE: 0.323538, Test MAE: 0.332453
Run: 02, Epoch: 75, lr: 0.000026, Loss: 0.388406, Valid MAE: 0.334472, Test MAE: 0.332453
Run: 02, Epoch: 76, lr: 0.000026, Loss: 0.385003, Valid MAE: 0.325702, Test MAE: 0.332453
Run: 02, Epoch: 77, lr: 0.000026, Loss: 0.383460, Valid MAE: 0.334370, Test MAE: 0.332453
Run: 02, Epoch: 78, lr: 0.000026, Loss: 0.386091, Valid MAE: 0.353879, Test MAE: 0.332453
Run: 02, Epoch: 79, lr: 0.000026, Loss: 0.382347, Valid MAE: 0.318671, Test MAE: 0.332453
Run: 02, Epoch: 80, lr: 0.000021, Loss: 0.380813, Valid MAE: 0.317995, Test MAE: 0.331555
Run: 02, Epoch: 81, lr: 0.000021, Loss: 0.379448, Valid MAE: 0.319534, Test MAE: 0.331555
Run: 02, Epoch: 82, lr: 0.000021, Loss: 0.378849, Valid MAE: 0.324682, Test MAE: 0.331555
Run: 02, Epoch: 83, lr: 0.000021, Loss: 0.377479, Valid MAE: 0.325912, Test MAE: 0.331555
Run: 02, Epoch: 84, lr: 0.000021, Loss: 0.375272, Valid MAE: 0.324627, Test MAE: 0.331555
Run: 02, Epoch: 85, lr: 0.000021, Loss: 0.371359, Valid MAE: 0.324125, Test MAE: 0.331555
Run: 02, Epoch: 86, lr: 0.000021, Loss: 0.376365, Valid MAE: 0.327950, Test MAE: 0.331555
Run: 02, Epoch: 87, lr: 0.000017, Loss: 0.371002, Valid MAE: 0.327836, Test MAE: 0.331555
Run: 02, Epoch: 88, lr: 0.000017, Loss: 0.371845, Valid MAE: 0.318436, Test MAE: 0.331555
Run: 02, Epoch: 89, lr: 0.000017, Loss: 0.367180, Valid MAE: 0.319820, Test MAE: 0.331555
Run: 02, Epoch: 90, lr: 0.000017, Loss: 0.369968, Valid MAE: 0.317038, Test MAE: 0.330406
Run: 02, Epoch: 91, lr: 0.000017, Loss: 0.371247, Valid MAE: 0.339308, Test MAE: 0.330406
Run: 02, Epoch: 92, lr: 0.000017, Loss: 0.367570, Valid MAE: 0.323032, Test MAE: 0.330406
Run: 02, Epoch: 93, lr: 0.000017, Loss: 0.366300, Valid MAE: 0.322288, Test MAE: 0.330406
Run: 02, Epoch: 94, lr: 0.000017, Loss: 0.368860, Valid MAE: 0.319861, Test MAE: 0.330406
Run: 02, Epoch: 95, lr: 0.000017, Loss: 0.366157, Valid MAE: 0.319951, Test MAE: 0.330406
Run: 02, Epoch: 96, lr: 0.000017, Loss: 0.363091, Valid MAE: 0.346766, Test MAE: 0.330406
Run: 02, Epoch: 97, lr: 0.000013, Loss: 0.361354, Valid MAE: 0.322935, Test MAE: 0.330406
Run: 02, Epoch: 98, lr: 0.000013, Loss: 0.361920, Valid MAE: 0.327385, Test MAE: 0.330406
Run: 02, Epoch: 99, lr: 0.000013, Loss: 0.360841, Valid MAE: 0.319187, Test MAE: 0.330406
Run: 02, Epoch: 100, lr: 0.000013, Loss: 0.359016, Valid MAE: 0.325765, Test MAE: 0.330406
Run: 02, Epoch: 101, lr: 0.000013, Loss: 0.360427, Valid MAE: 0.337496, Test MAE: 0.330406
Run: 02, Epoch: 102, lr: 0.000013, Loss: 0.358632, Valid MAE: 0.338468, Test MAE: 0.330406
Run: 02, Epoch: 103, lr: 0.000011, Loss: 0.358516, Valid MAE: 0.337446, Test MAE: 0.330406
Run: 02, Epoch: 104, lr: 0.000011, Loss: 0.354810, Valid MAE: 0.326146, Test MAE: 0.330406
Run: 02, Epoch: 105, lr: 0.000011, Loss: 0.358372, Valid MAE: 0.325944, Test MAE: 0.330406
Run: 02, Epoch: 106, lr: 0.000011, Loss: 0.354225, Valid MAE: 0.323039, Test MAE: 0.330406
Run: 02, Epoch: 107, lr: 0.000011, Loss: 0.357132, Valid MAE: 0.324386, Test MAE: 0.330406
Run: 02, Epoch: 108, lr: 0.000011, Loss: 0.357852, Valid MAE: 0.322353, Test MAE: 0.330406
Run: 02, Epoch: 109, lr: 0.000010, Loss: 0.354385, Valid MAE: 0.318829, Test MAE: 0.330406
Run: 02, Epoch: 110, lr: 0.000010, Loss: 0.355916, Valid MAE: 0.327731, Test MAE: 0.330406
Run: 02, Epoch: 111, lr: 0.000010, Loss: 0.353004, Valid MAE: 0.320111, Test MAE: 0.330406
Run: 02, Epoch: 112, lr: 0.000010, Loss: 0.352027, Valid MAE: 0.317827, Test MAE: 0.330406
Run: 02, Epoch: 113, lr: 0.000010, Loss: 0.350477, Valid MAE: 0.330299, Test MAE: 0.330406
Run: 02, Epoch: 114, lr: 0.000010, Loss: 0.347435, Valid MAE: 0.339210, Test MAE: 0.330406
Run: 02, Epoch: 115, lr: 0.000010, Loss: 0.350273, Valid MAE: 0.322085, Test MAE: 0.330406
Run: 02, Epoch: 116, lr: 0.000010, Loss: 0.352622, Valid MAE: 0.331733, Test MAE: 0.330406
Run: 02, Epoch: 117, lr: 0.000010, Loss: 0.350620, Valid MAE: 0.319295, Test MAE: 0.330406
Run: 02, Epoch: 118, lr: 0.000010, Loss: 0.348096, Valid MAE: 0.337108, Test MAE: 0.330406
Run: 02, Epoch: 119, lr: 0.000010, Loss: 0.345661, Valid MAE: 0.331588, Test MAE: 0.330406
Run: 02, Epoch: 120, lr: 0.000010, Loss: 0.346110, Valid MAE: 0.316947, Test MAE: 0.329730
Run: 02, Epoch: 121, lr: 0.000010, Loss: 0.350530, Valid MAE: 0.322619, Test MAE: 0.329730
Run: 02, Epoch: 122, lr: 0.000010, Loss: 0.345768, Valid MAE: 0.317788, Test MAE: 0.329730
Run: 02, Epoch: 123, lr: 0.000010, Loss: 0.346373, Valid MAE: 0.324281, Test MAE: 0.329730
Run: 02, Epoch: 124, lr: 0.000010, Loss: 0.345704, Valid MAE: 0.325420, Test MAE: 0.329730
Run: 02, Epoch: 125, lr: 0.000010, Loss: 0.348803, Valid MAE: 0.328560, Test MAE: 0.329730
Run: 02, Epoch: 126, lr: 0.000010, Loss: 0.344791, Valid MAE: 0.324048, Test MAE: 0.329730
Run: 02, Epoch: 127, lr: 0.000010, Loss: 0.347578, Valid MAE: 0.328009, Test MAE: 0.329730
Run: 02, Epoch: 128, lr: 0.000010, Loss: 0.346292, Valid MAE: 0.344451, Test MAE: 0.329730
Run: 02, Epoch: 129, lr: 0.000010, Loss: 0.346520, Valid MAE: 0.320155, Test MAE: 0.329730
Run: 02, Epoch: 130, lr: 0.000010, Loss: 0.341842, Valid MAE: 0.327094, Test MAE: 0.329730
Run: 02, Epoch: 131, lr: 0.000010, Loss: 0.346525, Valid MAE: 0.325369, Test MAE: 0.329730
Run: 02, Epoch: 132, lr: 0.000010, Loss: 0.343321, Valid MAE: 0.326115, Test MAE: 0.329730
Run: 02, Epoch: 133, lr: 0.000010, Loss: 0.343736, Valid MAE: 0.325961, Test MAE: 0.329730
Run: 02, Epoch: 134, lr: 0.000010, Loss: 0.343287, Valid MAE: 0.321517, Test MAE: 0.329730
Run: 02, Epoch: 135, lr: 0.000010, Loss: 0.345810, Valid MAE: 0.326468, Test MAE: 0.329730
Run: 02, Epoch: 136, lr: 0.000010, Loss: 0.343946, Valid MAE: 0.321278, Test MAE: 0.329730
Run: 02, Epoch: 137, lr: 0.000010, Loss: 0.341204, Valid MAE: 0.321404, Test MAE: 0.329730
Run: 02, Epoch: 138, lr: 0.000010, Loss: 0.341333, Valid MAE: 0.339534, Test MAE: 0.329730
Run: 02, Epoch: 139, lr: 0.000010, Loss: 0.340107, Valid MAE: 0.324373, Test MAE: 0.329730
Run: 02, Epoch: 140, lr: 0.000010, Loss: 0.341461, Valid MAE: 0.322919, Test MAE: 0.329730
Run: 02, Epoch: 141, lr: 0.000010, Loss: 0.339766, Valid MAE: 0.319757, Test MAE: 0.329730
Run: 02, Epoch: 142, lr: 0.000010, Loss: 0.342642, Valid MAE: 0.324502, Test MAE: 0.329730
Run: 02, Epoch: 143, lr: 0.000010, Loss: 0.339392, Valid MAE: 0.346070, Test MAE: 0.329730
Run: 02, Epoch: 144, lr: 0.000010, Loss: 0.337860, Valid MAE: 0.322187, Test MAE: 0.329730
Run: 02, Epoch: 145, lr: 0.000010, Loss: 0.338352, Valid MAE: 0.330463, Test MAE: 0.329730
Run: 02, Epoch: 146, lr: 0.000010, Loss: 0.341399, Valid MAE: 0.319865, Test MAE: 0.329730
Run: 02, Epoch: 147, lr: 0.000010, Loss: 0.339382, Valid MAE: 0.320729, Test MAE: 0.329730
Run: 02, Epoch: 148, lr: 0.000010, Loss: 0.337819, Valid MAE: 0.329862, Test MAE: 0.329730
Run: 02, Epoch: 149, lr: 0.000010, Loss: 0.336824, Valid MAE: 0.320984, Test MAE: 0.329730
Run: 02, Epoch: 150, lr: 0.000010, Loss: 0.340917, Valid MAE: 0.338729, Test MAE: 0.329730
Final results of Run 02:
Best Epoch: 120
Lowest Loss: 0.336824
Lowest Valid MAE: 0.316947
Final Test MAE: 0.329730

Run No. 3:
Seed: 2

# Params: 374529
Run: 03, Epoch: 01, lr: 0.000100, Loss: 0.645118, Valid MAE: 0.678059, Test MAE: 0.690208
Run: 03, Epoch: 02, lr: 0.000100, Loss: 0.553900, Valid MAE: 0.366674, Test MAE: 0.372224
Run: 03, Epoch: 03, lr: 0.000100, Loss: 0.532062, Valid MAE: 0.518826, Test MAE: 0.372224
Run: 03, Epoch: 04, lr: 0.000100, Loss: 0.526161, Valid MAE: 0.422935, Test MAE: 0.372224
Run: 03, Epoch: 05, lr: 0.000100, Loss: 0.523296, Valid MAE: 0.427428, Test MAE: 0.372224
Run: 03, Epoch: 06, lr: 0.000100, Loss: 0.515539, Valid MAE: 0.366014, Test MAE: 0.364344
Run: 03, Epoch: 07, lr: 0.000100, Loss: 0.514306, Valid MAE: 0.623482, Test MAE: 0.364344
Run: 03, Epoch: 08, lr: 0.000100, Loss: 0.508850, Valid MAE: 0.485132, Test MAE: 0.364344
Run: 03, Epoch: 09, lr: 0.000100, Loss: 0.510537, Valid MAE: 0.690875, Test MAE: 0.364344
Run: 03, Epoch: 10, lr: 0.000100, Loss: 0.502218, Valid MAE: 0.417943, Test MAE: 0.364344
Run: 03, Epoch: 11, lr: 0.000100, Loss: 0.496402, Valid MAE: 0.811749, Test MAE: 0.364344
Run: 03, Epoch: 12, lr: 0.000100, Loss: 0.503761, Valid MAE: 0.475551, Test MAE: 0.364344
Run: 03, Epoch: 13, lr: 0.000080, Loss: 0.495350, Valid MAE: 0.400781, Test MAE: 0.364344
Run: 03, Epoch: 14, lr: 0.000080, Loss: 0.493642, Valid MAE: 0.358925, Test MAE: 0.370117
Run: 03, Epoch: 15, lr: 0.000080, Loss: 0.486338, Valid MAE: 0.445540, Test MAE: 0.370117
Run: 03, Epoch: 16, lr: 0.000080, Loss: 0.486051, Valid MAE: 0.485082, Test MAE: 0.370117
Run: 03, Epoch: 17, lr: 0.000080, Loss: 0.484711, Valid MAE: 0.342486, Test MAE: 0.341802
Run: 03, Epoch: 18, lr: 0.000080, Loss: 0.482623, Valid MAE: 0.367783, Test MAE: 0.341802
Run: 03, Epoch: 19, lr: 0.000080, Loss: 0.483039, Valid MAE: 0.498422, Test MAE: 0.341802
Run: 03, Epoch: 20, lr: 0.000080, Loss: 0.486054, Valid MAE: 0.431292, Test MAE: 0.341802
Run: 03, Epoch: 21, lr: 0.000080, Loss: 0.481934, Valid MAE: 0.406574, Test MAE: 0.341802
Run: 03, Epoch: 22, lr: 0.000080, Loss: 0.479922, Valid MAE: 0.340796, Test MAE: 0.341189
Run: 03, Epoch: 23, lr: 0.000080, Loss: 0.481066, Valid MAE: 0.410608, Test MAE: 0.341189
Run: 03, Epoch: 24, lr: 0.000080, Loss: 0.476079, Valid MAE: 0.373362, Test MAE: 0.341189
Run: 03, Epoch: 25, lr: 0.000080, Loss: 0.474900, Valid MAE: 0.392896, Test MAE: 0.341189
Run: 03, Epoch: 26, lr: 0.000080, Loss: 0.475172, Valid MAE: 0.460703, Test MAE: 0.341189
Run: 03, Epoch: 27, lr: 0.000080, Loss: 0.471295, Valid MAE: 0.371788, Test MAE: 0.341189
Run: 03, Epoch: 28, lr: 0.000080, Loss: 0.476128, Valid MAE: 0.362327, Test MAE: 0.341189
Run: 03, Epoch: 29, lr: 0.000064, Loss: 0.462719, Valid MAE: 0.367343, Test MAE: 0.341189
Run: 03, Epoch: 30, lr: 0.000064, Loss: 0.462566, Valid MAE: 0.407062, Test MAE: 0.341189
Run: 03, Epoch: 31, lr: 0.000064, Loss: 0.461929, Valid MAE: 0.543333, Test MAE: 0.341189
Run: 03, Epoch: 32, lr: 0.000064, Loss: 0.460629, Valid MAE: 0.335952, Test MAE: 0.334485
Run: 03, Epoch: 33, lr: 0.000064, Loss: 0.457861, Valid MAE: 0.367683, Test MAE: 0.334485
Run: 03, Epoch: 34, lr: 0.000064, Loss: 0.456919, Valid MAE: 0.345737, Test MAE: 0.334485
Run: 03, Epoch: 35, lr: 0.000064, Loss: 0.451750, Valid MAE: 0.330249, Test MAE: 0.332983
Run: 03, Epoch: 36, lr: 0.000064, Loss: 0.451242, Valid MAE: 0.339346, Test MAE: 0.332983
Run: 03, Epoch: 37, lr: 0.000064, Loss: 0.450809, Valid MAE: 0.333930, Test MAE: 0.332983
Run: 03, Epoch: 38, lr: 0.000064, Loss: 0.451577, Valid MAE: 0.326409, Test MAE: 0.325443
Run: 03, Epoch: 39, lr: 0.000064, Loss: 0.450234, Valid MAE: 0.333244, Test MAE: 0.325443
Run: 03, Epoch: 40, lr: 0.000064, Loss: 0.444345, Valid MAE: 0.333190, Test MAE: 0.325443
Run: 03, Epoch: 41, lr: 0.000064, Loss: 0.446317, Valid MAE: 0.327723, Test MAE: 0.325443
Run: 03, Epoch: 42, lr: 0.000064, Loss: 0.447334, Valid MAE: 0.369007, Test MAE: 0.325443
Run: 03, Epoch: 43, lr: 0.000064, Loss: 0.443644, Valid MAE: 0.338898, Test MAE: 0.325443
Run: 03, Epoch: 44, lr: 0.000064, Loss: 0.443037, Valid MAE: 0.365019, Test MAE: 0.325443
Run: 03, Epoch: 45, lr: 0.000051, Loss: 0.438033, Valid MAE: 0.336819, Test MAE: 0.325443
Run: 03, Epoch: 46, lr: 0.000051, Loss: 0.430710, Valid MAE: 0.331821, Test MAE: 0.325443
Run: 03, Epoch: 47, lr: 0.000051, Loss: 0.433996, Valid MAE: 0.326955, Test MAE: 0.325443
Run: 03, Epoch: 48, lr: 0.000051, Loss: 0.433156, Valid MAE: 0.355742, Test MAE: 0.325443
Run: 03, Epoch: 49, lr: 0.000051, Loss: 0.429876, Valid MAE: 0.372859, Test MAE: 0.325443
Run: 03, Epoch: 50, lr: 0.000051, Loss: 0.427051, Valid MAE: 0.327547, Test MAE: 0.325443
Run: 03, Epoch: 51, lr: 0.000041, Loss: 0.421278, Valid MAE: 0.343137, Test MAE: 0.325443
Run: 03, Epoch: 52, lr: 0.000041, Loss: 0.421989, Valid MAE: 0.321594, Test MAE: 0.324124
Run: 03, Epoch: 53, lr: 0.000041, Loss: 0.422587, Valid MAE: 0.486059, Test MAE: 0.324124
Run: 03, Epoch: 54, lr: 0.000041, Loss: 0.419254, Valid MAE: 0.345431, Test MAE: 0.324124
Run: 03, Epoch: 55, lr: 0.000041, Loss: 0.417516, Valid MAE: 0.334801, Test MAE: 0.324124
Run: 03, Epoch: 56, lr: 0.000041, Loss: 0.417560, Valid MAE: 0.337597, Test MAE: 0.324124
Run: 03, Epoch: 57, lr: 0.000041, Loss: 0.417133, Valid MAE: 0.331468, Test MAE: 0.324124
Run: 03, Epoch: 58, lr: 0.000041, Loss: 0.416351, Valid MAE: 0.338221, Test MAE: 0.324124
Run: 03, Epoch: 59, lr: 0.000033, Loss: 0.411982, Valid MAE: 0.323980, Test MAE: 0.324124
Run: 03, Epoch: 60, lr: 0.000033, Loss: 0.410355, Valid MAE: 0.356669, Test MAE: 0.324124
Run: 03, Epoch: 61, lr: 0.000033, Loss: 0.411116, Valid MAE: 0.358637, Test MAE: 0.324124
Run: 03, Epoch: 62, lr: 0.000033, Loss: 0.406521, Valid MAE: 0.342222, Test MAE: 0.324124
Run: 03, Epoch: 63, lr: 0.000033, Loss: 0.408066, Valid MAE: 0.340571, Test MAE: 0.324124
Run: 03, Epoch: 64, lr: 0.000033, Loss: 0.404664, Valid MAE: 0.333904, Test MAE: 0.324124
Run: 03, Epoch: 65, lr: 0.000026, Loss: 0.401506, Valid MAE: 0.326713, Test MAE: 0.324124
Run: 03, Epoch: 66, lr: 0.000026, Loss: 0.402801, Valid MAE: 0.326364, Test MAE: 0.324124
Run: 03, Epoch: 67, lr: 0.000026, Loss: 0.399995, Valid MAE: 0.325139, Test MAE: 0.324124
Run: 03, Epoch: 68, lr: 0.000026, Loss: 0.398295, Valid MAE: 0.338324, Test MAE: 0.324124
Run: 03, Epoch: 69, lr: 0.000026, Loss: 0.397148, Valid MAE: 0.373884, Test MAE: 0.324124
Run: 03, Epoch: 70, lr: 0.000026, Loss: 0.396099, Valid MAE: 0.322071, Test MAE: 0.324124
